<?xml version="1.0" encoding="utf-8" standalone="yes"?><Layout layout="test" modulePackage="com.jadeeer.jadeeercaptinapp" filePath="app\src\main\res\layout\test.xml" directory="layout" isMerge="false" isBindingData="false" rootNodeType="android.widget.LinearLayout"><Targets><Target tag="layout/test_0" view="LinearLayout"><Expressions/><location startLine="1" startOffset="0" endLine="124" endOffset="18"/></Target><Target id="@+id/txtPhone" view="EditText"><Expressions/><location startLine="34" startOffset="8" endLine="47" endOffset="57"/></Target><Target id="@+id/txtPassword" view="EditText"><Expressions/><location startLine="49" startOffset="8" endLine="63" endOffset="57"/></Target><Target id="@+id/txtForgetPassword" view="TextView"><Expressions/><location startLine="65" startOffset="8" endLine="73" endOffset="37"/></Target><Target id="@+id/btnSignUp" view="com.google.android.material.button.MaterialButton"><Expressions/><location startLine="78" startOffset="8" endLine="88" endOffset="34"/></Target></Targets></Layout>